<project>
    <modelVersion>4.0.0</modelVersion>
    <groupId>com.example</groupId>
    <artifactId>test-project</artifactId>
    <version>1.0-SNAPSHOT</version>
    <build>
        <plugins>
            <plugin>
                <groupId>com.example</groupId>
                <artifactId>jacoco-console-reporter</artifactId>
                <version>1.0-SNAPSHOT</version>
            </plugin>
        </plugins>
    </build>
</project>